=== native: native ===
2026-07-22 05:35:34 INFO  (LoggingInitialization) Using log config file: jar:file:/D:/ghidra/Ghidra/Framework/Generic/lib/Generic.jar!/generic.log4j.xml  
2026-07-22 05:35:34 INFO  (LoggingInitialization) Using log file: \\10.10.1.20\Tech\RhapsodiOS\RhapsodiOS\tools\binrecon\out\eisabus\manual\.binrecon-run-repro\binrecon-ghidra-work-fioji843\ghidra-native.log  
2026-07-22 05:35:34 DEBUG (GhidraObjectInputFilter) Including serial input filter: FileSystem/data/client.rmi.serial.filter  
2026-07-22 05:35:34 INFO  (Preferences) Loading user preferences: C:\Users\raynorpat\AppData\Roaming\ghidra\ghidra_12.1.2_PUBLIC\preferences  
2026-07-22 05:35:34 INFO  (Preferences) Loading previous preferences: C:\Users\raynorpat\AppData\Roaming\ghidra\ghidra_11.4.2_PUBLIC\preferences  
2026-07-22 05:35:34 INFO  (ClassSearcher) Searching for classes...  
2026-07-22 05:35:35 INFO  (ClassSearcher) Class search complete (1217 ms)  
2026-07-22 05:35:35 INFO  (DefaultSSLContextInitializer) Initializing SSL Context  
2026-07-22 05:35:36 INFO  (SecureRandomFactory) Initializing Random Number Generator...  
2026-07-22 05:35:36 INFO  (SecureRandomFactory) Random Number Generator initialization complete: SHA1PRNG  
2026-07-22 05:35:36 INFO  (DefaultTrustManagerFactory) Trust manager disabled, cacerts have not been set  
2026-07-22 05:35:38 INFO  (AnalyzeHeadless) Headless startup complete (5169 ms)  
2026-07-22 05:35:38 INFO  (ClassSearcher) Class searcher loaded 59 extension points (20 false positives)  
2026-07-22 05:35:39 INFO  (HeadlessAnalyzer) HEADLESS Script Paths:
    D:\ghidra\Ghidra\Features\FileFormats\ghidra_scripts
    \\10.10.1.20\Tech\RhapsodiOS\RhapsodiOS\tools\binrecon\adapters\ghidra
    D:\ghidra\Ghidra\Features\GnuDemangler\ghidra_scripts
    D:\ghidra\Ghidra\Processors\PIC\ghidra_scripts
    D:\ghidra\Ghidra\Processors\JVM\ghidra_scripts
    D:\ghidra\Ghidra\Features\VersionTracking\ghidra_scripts
    D:\ghidra\Ghidra\Debug\Debugger-rmi-trace\ghidra_scripts
    D:\ghidra\Ghidra\Features\BSim\ghidra_scripts
    D:\ghidra\Ghidra\Features\PyGhidra\ghidra_scripts
    D:\ghidra\Ghidra\Features\SystemEmulation\ghidra_scripts
    D:\ghidra\Ghidra\Processors\8051\ghidra_scripts
    D:\ghidra\Ghidra\Debug\Debugger\ghidra_scripts
    D:\ghidra\Ghidra\Features\WildcardAssembler\ghidra_scripts
    D:\ghidra\Ghidra\Processors\Atmel\ghidra_scripts
    D:\ghidra\Ghidra\Features\FunctionID\ghidra_scripts
    D:\ghidra\Ghidra\Features\MicrosoftCodeAnalyzer\ghidra_scripts
    D:\ghidra\Ghidra\Features\PDB\ghidra_scripts
    D:\ghidra\Ghidra\Features\Base\ghidra_scripts
    D:\ghidra\Ghidra\Processors\DATA\ghidra_scripts
    D:\ghidra\Ghidra\Features\SwiftDemangler\ghidra_scripts
    D:\ghidra\Ghidra\Features\DecompilerDependent\ghidra_scripts
    D:\ghidra\Ghidra\Features\Decompiler\ghidra_scripts
    D:\ghidra\Ghidra\Features\BytePatterns\ghidra_scripts  
2026-07-22 05:35:39 INFO  (HeadlessAnalyzer) HEADLESS: execution starts  
2026-07-22 05:35:39 ERROR (HeadlessAnalyzer) Abort due to Headless analyzer error: Path element starting with '.' is not permitted java.lang.IllegalArgumentException: Path element starting with '.' is not permitted
	at ghidra.util.NamingUtilities.checkName(NamingUtilities.java:108)
	at ghidra.framework.protocol.ghidra.GhidraURL.checkValidProjectPath(GhidraURL.java:448)
	at ghidra.framework.protocol.ghidra.GhidraURL.checkLocalAbsolutePath(GhidraURL.java:404)
	at ghidra.framework.model.ProjectLocator.<init>(ProjectLocator.java:75)
	at ghidra.framework.model.ProjectLocator.<init>(ProjectLocator.java:60)
	at ghidra.app.util.headless.HeadlessAnalyzer.processLocal(HeadlessAnalyzer.java:432)
	at ghidra.app.util.headless.AnalyzeHeadless.launch(AnalyzeHeadless.java:199)
	at ghidra.GhidraLauncher.launch(GhidraLauncher.java:81)
	at ghidra.Ghidra.main(Ghidra.java:54)
 

=== native: script ===

=== native: stdout ===
INFO  Using log config file: jar:file:/D:/ghidra/Ghidra/Framework/Generic/lib/Generic.jar!/generic.log4j.xml (LoggingInitialization)  
INFO  Using log file: \\10.10.1.20\Tech\RhapsodiOS\RhapsodiOS\tools\binrecon\out\eisabus\manual\.binrecon-run-repro\binrecon-ghidra-work-fioji843\ghidra-native.log (LoggingInitialization)  
INFO  Loading user preferences: C:\Users\raynorpat\AppData\Roaming\ghidra\ghidra_12.1.2_PUBLIC\preferences (Preferences)  
INFO  Loading previous preferences: C:\Users\raynorpat\AppData\Roaming\ghidra\ghidra_11.4.2_PUBLIC\preferences (Preferences)  
INFO  Searching for classes... (ClassSearcher)  
INFO  Class search complete (1217 ms) (ClassSearcher)  
INFO  Initializing SSL Context (DefaultSSLContextInitializer)  
INFO  Initializing Random Number Generator... (SecureRandomFactory)  
INFO  Random Number Generator initialization complete: SHA1PRNG (SecureRandomFactory)  
INFO  Trust manager disabled, cacerts have not been set (DefaultTrustManagerFactory)  
INFO  Headless startup complete (5169 ms) (AnalyzeHeadless)  
INFO  Class searcher loaded 59 extension points (20 false positives) (ClassSearcher)  
INFO  HEADLESS Script Paths:
    D:\ghidra\Ghidra\Features\FileFormats\ghidra_scripts
    \\10.10.1.20\Tech\RhapsodiOS\RhapsodiOS\tools\binrecon\adapters\ghidra
    D:\ghidra\Ghidra\Features\GnuDemangler\ghidra_scripts
    D:\ghidra\Ghidra\Processors\PIC\ghidra_scripts
    D:\ghidra\Ghidra\Processors\JVM\ghidra_scripts
    D:\ghidra\Ghidra\Features\VersionTracking\ghidra_scripts
    D:\ghidra\Ghidra\Debug\Debugger-rmi-trace\ghidra_scripts
    D:\ghidra\Ghidra\Features\BSim\ghidra_scripts
    D:\ghidra\Ghidra\Features\PyGhidra\ghidra_scripts
    D:\ghidra\Ghidra\Features\SystemEmulation\ghidra_scripts
    D:\ghidra\Ghidra\Processors\8051\ghidra_scripts
    D:\ghidra\Ghidra\Debug\Debugger\ghidra_scripts
    D:\ghidra\Ghidra\Features\WildcardAssembler\ghidra_scripts
    D:\ghidra\Ghidra\Processors\Atmel\ghidra_scripts
    D:\ghidra\Ghidra\Features\FunctionID\ghidra_scripts
    D:\ghidra\Ghidra\Features\MicrosoftCodeAnalyzer\ghidra_scripts
    D:\ghidra\Ghidra\Features\PDB\ghidra_scripts
    D:\ghidra\Ghidra\Features\Base\ghidra_scripts
    D:\ghidra\Ghidra\Processors\DATA\ghidra_scripts
    D:\ghidra\Ghidra\Features\SwiftDemangler\ghidra_scripts
    D:\ghidra\Ghidra\Features\DecompilerDependent\ghidra_scripts
    D:\ghidra\Ghidra\Features\Decompiler\ghidra_scripts
    D:\ghidra\Ghidra\Features\BytePatterns\ghidra_scripts (HeadlessAnalyzer)  
INFO  HEADLESS: execution starts (HeadlessAnalyzer)  
ERROR Abort due to Headless analyzer error: Path element starting with '.' is not permitted (HeadlessAnalyzer) java.lang.IllegalArgumentException: Path element starting with '.' is not permitted
	at ghidra.util.NamingUtilities.checkName(NamingUtilities.java:108)
	at ghidra.framework.protocol.ghidra.GhidraURL.checkValidProjectPath(GhidraURL.java:448)
	at ghidra.framework.protocol.ghidra.GhidraURL.checkLocalAbsolutePath(GhidraURL.java:404)
	at ghidra.framework.model.ProjectLocator.<init>(ProjectLocator.java:75)
	at ghidra.framework.model.ProjectLocator.<init>(ProjectLocator.java:60)
	at ghidra.app.util.headless.HeadlessAnalyzer.processLocal(HeadlessAnalyzer.java:432)
	at ghidra.app.util.headless.AnalyzeHeadless.launch(AnalyzeHeadless.java:199)
	at ghidra.GhidraLauncher.launch(GhidraLauncher.java:81)
	at ghidra.Ghidra.main(Ghidra.java:54)
 
Press any key to continue . . . 

=== native: stderr ===

